<?xml version="1.0" encoding="UTF-8"?>
<testng-results skipped="0" failed="0" ignored="0" total="5" passed="5">
  <reporter-output>
  </reporter-output>
  <suite name="Default suite" duration-ms="6253" started-at="2022-01-06T13:55:29 IST" finished-at="2022-01-06T13:55:35 IST">
    <groups>
    </groups>
    <test name="Default test" duration-ms="6253" started-at="2022-01-06T13:55:29 IST" finished-at="2022-01-06T13:55:35 IST">
      <class name="API_PRACTICE_FRAMEWORK.API_FRAMEWORK.ApiMethods">
        <test-method status="PASS" signature="TestPost()[pri:0, instance:API_PRACTICE_FRAMEWORK.API_FRAMEWORK.ApiMethods@5bb21b69]" name="TestPost" duration-ms="2859" started-at="2022-01-06T13:55:29 IST" finished-at="2022-01-06T13:55:32 IST">
          <reporter-output>
          </reporter-output>
        </test-method> <!-- TestPost -->
        <test-method status="PASS" signature="testDelete()[pri:0, instance:API_PRACTICE_FRAMEWORK.API_FRAMEWORK.ApiMethods@5bb21b69]" name="testDelete" duration-ms="698" started-at="2022-01-06T13:55:32 IST" finished-at="2022-01-06T13:55:32 IST">
          <reporter-output>
          </reporter-output>
        </test-method> <!-- testDelete -->
        <test-method status="PASS" signature="testGet()[pri:0, instance:API_PRACTICE_FRAMEWORK.API_FRAMEWORK.ApiMethods@5bb21b69]" name="testGet" duration-ms="1198" started-at="2022-01-06T13:55:32 IST" finished-at="2022-01-06T13:55:34 IST">
          <reporter-output>
          </reporter-output>
        </test-method> <!-- testGet -->
        <test-method status="PASS" signature="testPatch()[pri:0, instance:API_PRACTICE_FRAMEWORK.API_FRAMEWORK.ApiMethods@5bb21b69]" name="testPatch" duration-ms="752" started-at="2022-01-06T13:55:34 IST" finished-at="2022-01-06T13:55:34 IST">
          <reporter-output>
          </reporter-output>
        </test-method> <!-- testPatch -->
        <test-method status="PASS" signature="testPut()[pri:0, instance:API_PRACTICE_FRAMEWORK.API_FRAMEWORK.ApiMethods@5bb21b69]" name="testPut" duration-ms="658" started-at="2022-01-06T13:55:34 IST" finished-at="2022-01-06T13:55:35 IST">
          <reporter-output>
          </reporter-output>
        </test-method> <!-- testPut -->
      </class> <!-- API_PRACTICE_FRAMEWORK.API_FRAMEWORK.ApiMethods -->
    </test> <!-- Default test -->
  </suite> <!-- Default suite -->
</testng-results>
