<?xml version="1.0" encoding="UTF-8"?>
<!-- Generated by org.testng.reporters.JUnitXMLReporter -->
<testsuite hostname="AQMIT-DSK-10257" ignored="0" name="Default test" tests="5" failures="0" timestamp="2022-01-06T13:55:35 IST" time="6.253" errors="0">
  <testcase name="TestPost" time="2.859" classname="API_PRACTICE_FRAMEWORK.API_FRAMEWORK.ApiMethods"/>
  <testcase name="testDelete" time="0.698" classname="API_PRACTICE_FRAMEWORK.API_FRAMEWORK.ApiMethods"/>
  <testcase name="testGet" time="1.198" classname="API_PRACTICE_FRAMEWORK.API_FRAMEWORK.ApiMethods"/>
  <testcase name="testPatch" time="0.752" classname="API_PRACTICE_FRAMEWORK.API_FRAMEWORK.ApiMethods"/>
  <testcase name="testPut" time="0.658" classname="API_PRACTICE_FRAMEWORK.API_FRAMEWORK.ApiMethods"/>
</testsuite> <!-- Default test -->
